127.0.0.1 - - [18/Jun/2020:18:01:45 +0800] "GET / HTTP/1.1" 200 4868
::1 - - [18/Jun/2020:18:04:29 +0800] "GET /favicon.ico HTTP/1.0" 200 202575
::1 - - [18/Jun/2020:18:04:39 +0800] "GET / HTTP/1.0" 200 4868
::1 - - [18/Jun/2020:18:04:39 +0800] "GET /index.php?img=pngFolderGo HTTP/1.0" 200 694
::1 - - [18/Jun/2020:18:04:39 +0800] "GET /index.php?img=pngWrench HTTP/1.0" 200 741
::1 - - [18/Jun/2020:18:04:39 +0800] "GET /index.php?img=pngPlugin HTTP/1.0" 200 548
::1 - - [18/Jun/2020:18:04:39 +0800] "GET /index.php?img=gifLogo HTTP/1.0" 200 4549
::1 - - [18/Jun/2020:18:04:39 +0800] "GET /index.php?img=favicon HTTP/1.0" 200 1429
::1 - - [18/Jun/2020:18:05:07 +0800] "GET / HTTP/1.0" 200 4868
::1 - - [18/Jun/2020:18:05:07 +0800] "GET /index.php?img=pngFolderGo HTTP/1.0" 200 694
::1 - - [18/Jun/2020:18:05:07 +0800] "GET /index.php?img=pngWrench HTTP/1.0" 200 741
::1 - - [18/Jun/2020:18:05:07 +0800] "GET /index.php?img=pngPlugin HTTP/1.0" 200 548
::1 - - [18/Jun/2020:18:05:07 +0800] "GET /index.php?img=gifLogo HTTP/1.0" 200 4549
::1 - - [18/Jun/2020:18:05:08 +0800] "GET /index.php?img=favicon HTTP/1.0" 200 1429
::1 - - [18/Jun/2020:18:05:52 +0800] "GET / HTTP/1.0" 200 4825
::1 - - [18/Jun/2020:18:05:53 +0800] "GET /index.php?img=pngFolderGo HTTP/1.0" 200 694
::1 - - [18/Jun/2020:18:05:53 +0800] "GET /index.php?img=pngFolder HTTP/1.0" 200 850
::1 - - [18/Jun/2020:18:05:53 +0800] "GET /index.php?img=pngPlugin HTTP/1.0" 200 548
::1 - - [18/Jun/2020:18:05:53 +0800] "GET /index.php?img=pngWrench HTTP/1.0" 200 741
::1 - - [18/Jun/2020:18:05:53 +0800] "GET /index.php?img=gifLogo HTTP/1.0" 200 4549
::1 - - [18/Jun/2020:18:05:53 +0800] "GET /index.php?img=favicon HTTP/1.0" 200 1429
127.0.0.1 - - [18/Jun/2020:18:07:00 +0800] "GET / HTTP/1.1" 200 4825
::1 - - [18/Jun/2020:18:07:06 +0800] "GET / HTTP/1.0" 200 4825
::1 - - [18/Jun/2020:18:07:07 +0800] "GET /index.php?img=pngFolderGo HTTP/1.0" 200 694
::1 - - [18/Jun/2020:18:07:07 +0800] "GET /index.php?img=pngFolder HTTP/1.0" 200 850
::1 - - [18/Jun/2020:18:07:07 +0800] "GET /index.php?img=pngWrench HTTP/1.0" 200 741
::1 - - [18/Jun/2020:18:07:07 +0800] "GET /index.php?img=pngPlugin HTTP/1.0" 200 548
::1 - - [18/Jun/2020:18:07:07 +0800] "GET /index.php?img=gifLogo HTTP/1.0" 200 4549
::1 - - [18/Jun/2020:18:07:11 +0800] "GET /phpmyadmin/ HTTP/1.0" 200 48215
::1 - - [18/Jun/2020:18:07:13 +0800] "GET /phpmyadmin/themes/pmahomme/jquery/jquery-ui-1.9.2.custom.css HTTP/1.0" 200 32278
::1 - - [18/Jun/2020:18:07:13 +0800] "GET /phpmyadmin/themes/pmahomme/img/logo_left.png HTTP/1.0" 200 2327
::1 - - [18/Jun/2020:18:07:13 +0800] "GET /phpmyadmin/themes/dot.gif HTTP/1.0" 200 43
::1 - - [18/Jun/2020:18:07:13 +0800] "GET /phpmyadmin/themes/pmahomme/img/ajax_clock_small.gif HTTP/1.0" 200 1810
::1 - - [18/Jun/2020:18:07:13 +0800] "GET /phpmyadmin/phpmyadmin.css.php?server=1&lang=zh_CN&collation_connection=utf8mb4_general_ci&token=de1c2638589ac3aefae4b3b50c7af8a7&nocache=5982760872ltr HTTP/1.0" 200 93053
::1 - - [18/Jun/2020:18:07:13 +0800] "GET /phpmyadmin/js/get_scripts.js.php?lang=zh_CN&collation_connection=utf8mb4_general_ci&token=de1c2638589ac3aefae4b3b50c7af8a7&scripts[]=jquery/jquery-1.8.3.min.js&scripts[]=ajax.js&scripts[]=keyhandler.js&scripts[]=jquery/jquery-ui-1.9.2.custom.min.js&scripts[]=jquery/jquery.sprintf.js&scripts[]=jquery/jquery.cookie.js&scripts[]=jquery/jquery.mousewheel.js&scripts[]=jquery/jquery.event.drag-2.2.js&scripts[]=jquery/jquery-ui-timepicker-addon.js&scripts[]=jquery/jquery.ba-hashchange-1.3.js&scripts[]=jquery/jquery.debounce-1.0.5.js&scripts[]=jquery/jquery.menuResizer-1.0.js&scripts[]=cross_framing_protection.js&scripts[]=rte.js&scripts[]=tracekit/tracekit.js&scripts[]=error_report.js&scripts[]=doclinks.js&scripts[]=functions.js&scripts[]=navigation.js&scripts[]=indexes.js&scripts[]=common.js&scripts[]=codemirror/lib/codemirror.js&scripts[]=codemirror/mode/sql/sql.js&scripts[]=codemirror/addon/runmode/runmode.js HTTP/1.0" 200 1039434
::1 - - [18/Jun/2020:18:07:13 +0800] "GET /phpmyadmin/js/messages.php?lang=zh_CN&db=&collation_connection=utf8mb4_general_ci&token=de1c2638589ac3aefae4b3b50c7af8a7 HTTP/1.0" 200 17263
::1 - - [18/Jun/2020:18:07:13 +0800] "GET /phpmyadmin/js/get_image.js.php?theme=pmahomme HTTP/1.0" 200 6388
::1 - - [18/Jun/2020:18:07:13 +0800] "GET /phpmyadmin/themes/pmahomme/img/left_nav_bg.png HTTP/1.0" 200 297
::1 - - [18/Jun/2020:18:07:13 +0800] "GET /phpmyadmin/themes/pmahomme/img/sprites.png HTTP/1.0" 200 41626
::1 - - [18/Jun/2020:18:07:14 +0800] "GET /phpmyadmin/favicon.ico HTTP/1.0" 200 18902
::1 - - [18/Jun/2020:18:07:14 +0800] "GET /phpmyadmin/version_check.php?&_nocache=1592474834122462062 HTTP/1.0" 200 39
::1 - - [18/Jun/2020:18:07:52 +0800] "GET / HTTP/1.0" 200 4878
::1 - - [18/Jun/2020:18:07:53 +0800] "GET /index.php?img=pngFolderGo HTTP/1.0" 200 694
::1 - - [18/Jun/2020:18:07:53 +0800] "GET /index.php?img=pngFolder HTTP/1.0" 200 850
::1 - - [18/Jun/2020:18:07:53 +0800] "GET /index.php?img=pngPlugin HTTP/1.0" 200 548
::1 - - [18/Jun/2020:18:07:53 +0800] "GET /index.php?img=pngWrench HTTP/1.0" 200 741
::1 - - [18/Jun/2020:18:07:53 +0800] "GET /index.php?img=gifLogo HTTP/1.0" 200 4549
::1 - - [18/Jun/2020:18:07:53 +0800] "GET /index.php?img=favicon HTTP/1.0" 200 1429
